<?xml version="1.0" encoding="UTF-8"?>
<!-- Generated by org.testng.reporters.JUnitXMLReporter -->
<testsuite hostname="DESKTOP-79QFOE9" ignored="8" name="Test" tests="3" failures="0" timestamp="15 Apr 2020 05:56:50 GMT" time="70.811" errors="0">
  <testcase name="lookuppage_signUp" time="42.408" classname="com.mobiotics.Test.SignUpTest"/>
  <testcase name="logout" time="14.971" classname="com.mobiotics.Test.LogOutTest"/>
  <testcase name="login" time="12.461" classname="com.mobiotics.Test.LoginTest"/>
  <testcase name="@BeforeTest Extent" time="0.0" classname="com.mobiotics.Constant.BaseTest">
    <ignored/>
  </testcase> <!-- @BeforeTest Extent -->
  <testcase name="@BeforeTest Extent" time="0.0" classname="com.mobiotics.Constant.BaseTest">
    <ignored/>
  </testcase> <!-- @BeforeTest Extent -->
  <testcase name="@AfterTest GenerareReport" time="0.0" classname="com.mobiotics.Constant.BaseTest">
    <ignored/>
  </testcase> <!-- @AfterTest GenerareReport -->
  <testcase name="@AfterTest GenerareReport" time="0.0" classname="com.mobiotics.Constant.BaseTest">
    <ignored/>
  </testcase> <!-- @AfterTest GenerareReport -->
  <testcase name="@AfterSuite CloseFramework" time="0.0" classname="com.mobiotics.Constant.BaseTest">
    <ignored/>
  </testcase> <!-- @AfterSuite CloseFramework -->
  <testcase name="@AfterSuite CloseFramework" time="0.0" classname="com.mobiotics.Constant.BaseTest">
    <ignored/>
  </testcase> <!-- @AfterSuite CloseFramework -->
  <testcase name="@BeforeSuite initApplication" time="0.0" classname="com.mobiotics.Constant.BaseTest">
    <ignored/>
  </testcase> <!-- @BeforeSuite initApplication -->
  <testcase name="@BeforeSuite initApplication" time="0.0" classname="com.mobiotics.Constant.BaseTest">
    <ignored/>
  </testcase> <!-- @BeforeSuite initApplication -->
</testsuite> <!-- Test -->
